#
# There is insufficient memory for the Java Runtime Environment to continue.
# Native memory allocation (malloc) failed to allocate 1048576 bytes for AllocateHeap
# Possible reasons:
#   The system is out of physical RAM or swap space
#   In 32 bit mode, the process size limit was hit
# Possible solutions:
#   Reduce memory load on the system
#   Increase physical memory or swap space
#   Check if swap backing store is full
#   Use 64 bit Java on a 64 bit OS
#   Decrease Java heap size (-Xmx/-Xms)
#   Decrease number of Java threads
#   Decrease Java thread stack sizes (-Xss)
#   Set larger code cache with -XX:ReservedCodeCacheSize=
# This output file may be truncated or incomplete.
#
#  Out of Memory Error (memory/allocation.inline.hpp:61), pid=1020, tid=0x0000000000005574
#
# JRE version:  (8.0_152-b02) (build )
# Java VM: OpenJDK 64-Bit Server VM (25.152-b02 mixed mode windows-amd64 compressed oops)
# Failed to write core dump. Minidumps are not enabled by default on client versions of Windows
#

---------------  T H R E A D  ---------------

Current thread (0x0000000002a0e800):  JavaThread "Unknown thread" [_thread_in_vm, id=21876, stack(0x0000000002d00000,0x0000000002e00000)]

Stack: [0x0000000002d00000,0x0000000002e00000]
[error occurred during error reporting (printing stack bounds), id 0xc0000005]

Native frames: (J=compiled Java code, j=interpreted, Vv=VM code, C=native code)


---------------  P R O C E S S  ---------------

Java Threads: ( => current thread )

Other Threads:

=>0x0000000002a0e800 (exited) JavaThread "Unknown thread" [_thread_in_vm, id=21876, stack(0x0000000002d00000,0x0000000002e00000)]

VM state:not at safepoint (normal execution)

VM Mutex/Monitor currently owned by a thread: None

Heap:
 PSYoungGen      total 38400K, used 665K [0x00000000eab00000, 0x00000000ed580000, 0x0000000100000000)
  eden space 33280K, 2% used [0x00000000eab00000,0x00000000eaba6670,0x00000000ecb80000)
  from space 5120K, 0% used [0x00000000ed080000,0x00000000ed080000,0x00000000ed580000)
  to   space 5120K, 0% used [0x00000000ecb80000,0x00000000ecb80000,0x00000000ed080000)
 ParOldGen       total 87552K, used 0K [0x00000000c0000000, 0x00000000c5580000, 0x00000000eab00000)
  object space 87552K, 0% used [0x00000000c0000000,0x00000000c0000000,0x00000000c5580000)
 Metaspace       used 783K, capacity 1156K, committed 1408K, reserved 1060864K
  class space    used 73K, capacity 384K, committed 384K, reserved 1048576K

Card table byte_map: [0x00000000122c0000,0x00000000124d0000] byte_map_base: 0x0000000011cc0000

Marking Bits: (ParMarkBitMap*) 0x0000000063524970
 Begin Bits: [0x0000000012a30000, 0x0000000013a30000)
 End Bits:   [0x0000000013a30000, 0x0000000014a30000)

Polling page: 0x00000000029c0000

CodeCache: size=245760Kb used=328Kb max_used=328Kb free=245431Kb
 bounds [0x0000000002f00000, 0x0000000003170000, 0x0000000011f00000]
 total_blobs=57 nmethods=0 adapters=38
 compilation: enabled

Compilation events (0 events):
No events

GC Heap History (0 events):
No events

Deoptimization events (0 events):
No events

Classes redefined (0 events):
No events

Internal exceptions (0 events):
No events

Events (10 events):
Event: 0.243 loading class java/lang/Short
Event: 0.243 loading class java/lang/Short done
Event: 0.243 loading class java/lang/Integer
Event: 0.244 loading class java/lang/Integer done
Event: 0.244 loading class java/lang/Long
Event: 0.244 loading class java/lang/Long done
Event: 0.246 loading class java/lang/NullPointerException
Event: 0.246 loading class java/lang/NullPointerException done
Event: 0.246 loading class java/lang/ArithmeticException
Event: 0.246 loading class java/lang/ArithmeticException done


Dynamic libraries:
0x00007ff650800000 - 0x00007ff650831000 	C:\Program Files\Android\Android Studio\jre\bin\java.exe
0x00007ffe8fd00000 - 0x00007ffe8fead000 	C:\Windows\SYSTEM32\ntdll.dll
0x00007ffe8e100000 - 0x00007ffe8e23e000 	C:\Windows\system32\KERNEL32.DLL
0x00007ffe8d230000 - 0x00007ffe8d345000 	C:\Windows\system32\KERNELBASE.dll
0x00007ffe8d8f0000 - 0x00007ffe8d99a000 	C:\Windows\system32\ADVAPI32.dll
0x00007ffe8fb80000 - 0x00007ffe8fcf7000 	C:\Windows\system32\USER32.dll
0x00007ffe8a520000 - 0x00007ffe8a79b000 	C:\Windows\WinSxS\amd64_microsoft.windows.common-controls_6595b64144ccf1df_6.0.9600.18006_none_623f33d3ecbe86e8\COMCTL32.dll
0x00007ffe8d440000 - 0x00007ffe8d4ea000 	C:\Windows\system32\msvcrt.dll
0x00007ffe8d9a0000 - 0x00007ffe8d9f9000 	C:\Windows\SYSTEM32\sechost.dll
0x00007ffe8e400000 - 0x00007ffe8e540000 	C:\Windows\system32\RPCRT4.dll
0x00007ffe8d510000 - 0x00007ffe8d65f000 	C:\Windows\system32\GDI32.dll
0x00007ffe8d350000 - 0x00007ffe8d37e000 	C:\Windows\system32\SspiCli.dll
0x00007ffe8fb40000 - 0x00007ffe8fb76000 	C:\Windows\system32\IMM32.DLL
0x00007ffe8dec0000 - 0x00007ffe8e012000 	C:\Windows\system32\MSCTF.dll
0x0000000062be0000 - 0x0000000062cb2000 	C:\Program Files\Android\Android Studio\jre\jre\bin\msvcr100.dll
0x0000000062d60000 - 0x000000006359f000 	C:\Program Files\Android\Android Studio\jre\jre\bin\server\jvm.dll
0x00007ffe82750000 - 0x00007ffe82759000 	C:\Windows\SYSTEM32\WSOCK32.dll
0x00007ffe87ff0000 - 0x00007ffe88012000 	C:\Windows\SYSTEM32\WINMM.dll
0x00007ffe872b0000 - 0x00007ffe872ba000 	C:\Windows\SYSTEM32\VERSION.dll
0x00007ffe8e540000 - 0x00007ffe8e547000 	C:\Windows\system32\PSAPI.DLL
0x00007ffe8dbb0000 - 0x00007ffe8dc0a000 	C:\Windows\system32\WS2_32.dll
0x00007ffe87fc0000 - 0x00007ffe87fea000 	C:\Windows\SYSTEM32\WINMMBASE.dll
0x00007ffe8dba0000 - 0x00007ffe8dba9000 	C:\Windows\system32\NSI.dll
0x00007ffe8cef0000 - 0x00007ffe8cf3f000 	C:\Windows\SYSTEM32\cfgmgr32.dll
0x00007ffe8bc30000 - 0x00007ffe8bc58000 	C:\Windows\SYSTEM32\DEVOBJ.dll
0x00007ffe86280000 - 0x00007ffe8628f000 	C:\Program Files\Android\Android Studio\jre\jre\bin\verify.dll
0x00007ffe665f0000 - 0x00007ffe66619000 	C:\Program Files\Android\Android Studio\jre\jre\bin\java.dll
0x00007ffe86260000 - 0x00007ffe86276000 	C:\Program Files\Android\Android Studio\jre\jre\bin\zip.dll

VM Arguments:
jvm_args: -Djava.awt.headless=true -Xmx1024M -Dfile.encoding=x-windows-949 -Duser.country=KR -Duser.language=ko -Duser.variant 
java_command: com.android.dx.command.Main --dex --force-jumbo --num-threads=4 --multi-dex --output C:\Users\LG\.android\iamport-inicis-graddle-master\iamport-inicis-graddle-master\app\build\intermediates\transforms\dex\debug\folders\1000\5\slice_3 C:\Users\LG\.android\iamport-inicis-graddle-master\iamport-inicis-graddle-master\app\build\intermediates\transforms\instantRunSlicer\debug\folders\1\5\slice_3
java_class_path (initial): C:\Users\LG\AppData\Local\Android\Sdk\build-tools\26.0.0\lib\dx.jar
Launcher Type: SUN_STANDARD

Environment Variables:
JAVA_HOME=C:\Program Files\Java\jdk1.8.0_121
PATH=C:\Program Files (x86)\Common Files\Oracle\Java\javapath;C:\ProgramData\Oracle\Java\javapath;C:\Program Files (x86)\Wizvera\Delfino;C:\Program Files (x86)\Intel\iCLS Client\;C:\Program Files\Intel\iCLS Client\;C:\Windows\system32;C:\Windows;C:\Windows\System32\Wbem;C:\Windows\System32\WindowsPowerShell\v1.0\;C:\Program Files\Intel\WiFi\bin\;C:\Program Files\Common Files\Intel\WirelessCommon\;C:\Program Files\Intel\Intel(R) Management Engine Components\DAL;C:\Program Files\Intel\Intel(R) Management Engine Components\IPT;C:\Program Files (x86)\Intel\Intel(R) Management Engine Components\DAL;C:\Program Files (x86)\Intel\Intel(R) Management Engine Components\IPT;C:\Program Files (x86)\ePapyrus\Papyrus-PlugIn-ntas;C:\Program Files (x86)\ePapyrus\Papyrus-PlugIn-ntas\Addins;C:\Program Files\Microsoft SQL Server\130\Tools\Binn\;C:\Windows\system32\config\systemprofile\.dnx\bin;C:\Program Files\Microsoft DNX\Dnvm\;C:\Program Files (x86)\Windows Kits\8.1\Windows Performance Toolkit;C:\Program Files\Java\jdk1.8.0_121\bin;C:\Program Files\Microsoft SQL Server\Client SDK\ODBC\130\Tools\Binn\;C:\Program Files (x86)\Microsoft SQL Server\140\Tools\Binn\;C:\Program Files\Microsoft SQL Server\140\Tools\Binn\;C:\Program Files\Microsoft SQL Server\140\DTS\Binn\;C:\Program Files (x86)\Microsoft SQL Server\Client SDK\ODBC\130\Tools\Binn\;C:\Program Files (x86)\Microsoft SQL Server\140\DTS\Binn\;C:\Program Files (x86)\Microsoft SQL Server\140\Tools\Binn\ManagementStudio\;C:\Program Files\Intel\WiFi\bin\;C:\Program Files\Common Files\Intel\WirelessCommon\
USERNAME=LG
OS=Windows_NT
PROCESSOR_IDENTIFIER=Intel64 Family 6 Model 69 Stepping 1, GenuineIntel



---------------  S Y S T E M  ---------------

OS: Windows 8.1 , 64 bit Build 9600 (6.3.9600.17415)

CPU:total 4 (initial active 4) (2 cores per cpu, 2 threads per core) family 6 model 69 stepping 1, cmov, cx8, fxsr, mmx, sse, sse2, sse3, ssse3, sse4.1, sse4.2, popcnt, avx, avx2, aes, clmul, erms, lzcnt, ht, tsc, tscinvbit, bmi1, bmi2

Memory: 4k page, physical 8294176k(1919760k free), swap 11439904k(438152k free)

vm_info: OpenJDK 64-Bit Server VM (25.152-b02) for windows-amd64 JRE (1.8.0_152-release-1024-b02), built by "builder" with MS VC++ 10.0 (VS2010)

time: Wed Sep 12 21:55:21 2018
elapsed time: 0 seconds (0d 0h 0m 0s)

